ÔÇëWARNÔÇë Unsupported engine: wanted: {"node":"22.21.1"} (current: {"node":"v22.20.0","pnpm":"9.14.4"})

> prototipacao-educa@0.2.0-beta build:hub C:\Users\Educacross\Documents\Ambiente-de-prototipa-o-EDUCACROSS-V2
> pnpm --filter storybook build

.                                        | ÔÇëWARNÔÇë Unsupported engine: wanted: {"node":"22.21.1"} (current: {"node":"v22.20.0","pnpm":"9.14.4"})

> storybook@0.2.0-beta build C:\Users\Educacross\Documents\Ambiente-de-prototipa-o-EDUCACROSS-V2\apps\experience-hub\storybook
> storybook build

[1m@storybook/core v8.6.14
[22m
info => Cleaning outputDir: [36mstorybook-static[39m
info => Loading presets
info => Building manager..
info => Manager built ([38;2;181;126;229m442 ms[39m)
info => Building preview..
info Using tsconfig paths for react-docgen
[36mvite v6.4.1 [32mbuilding for production...[36m[39m
transforming...
../../../packages/design-system/dist/index.mjs (1:0): Module level directives cause errors when bundled, "use client" in "../../../packages/design-system/dist/index.mjs" was ignored.
[32mÔ£ô[39m 128 modules transformed.
../../../node_modules/.pnpm/@storybook+core@8.6.14_prettier@3.6.2_storybook@8.6.14_prettier@3.6.2_/node_modules/@storybook/core/dist/preview/runtime.js (3683:15): Use of eval in "../../../node_modules/.pnpm/@storybook+core@8.6.14_prettier@3.6.2_storybook@8.6.14_prettier@3.6.2_/node_modules/@storybook/core/dist/preview/runtime.js" is strongly discouraged as it poses security risks and may cause issues with minification.
../../../node_modules/.pnpm/@storybook+core@8.6.14_prettier@3.6.2_storybook@8.6.14_prettier@3.6.2_/node_modules/@storybook/core/dist/preview/runtime.js (3685:16): Use of eval in "../../../node_modules/.pnpm/@storybook+core@8.6.14_prettier@3.6.2_storybook@8.6.14_prettier@3.6.2_/node_modules/@storybook/core/dist/preview/runtime.js" is strongly discouraged as it poses security risks and may cause issues with minification.
rendering chunks...
computing gzip size...
[2mstorybook-static/[22m[32miframe.html                                      [39m[1m[2m 17.79 kB[22m[1m[22m[2m Ôöé gzip:   5.00 kB[22m
[2mstorybook-static/[22m[35massets/preview-DYAZS49R.css                      [39m[1m[2m  3.08 kB[22m[1m[22m[2m Ôöé gzip:   0.97 kB[22m
[2mstorybook-static/[22m[36massets/_commonjsHelpers-CqkleIqs.js              [39m[1m[2m  0.12 kB[22m[1m[22m[2m Ôöé gzip:   0.13 kB[22m
[2mstorybook-static/[22m[36massets/preview-DYTpHdSO.js                       [39m[1m[2m  0.16 kB[22m[1m[22m[2m Ôöé gzip:   0.16 kB[22m
[2mstorybook-static/[22m[36massets/preview-CvbIS5ZJ.js                       [39m[1m[2m  0.18 kB[22m[1m[22m[2m Ôöé gzip:   0.16 kB[22m
[2mstorybook-static/[22m[36massets/preview-paotWmnM.js                       [39m[1m[2m  0.42 kB[22m[1m[22m[2m Ôöé gzip:   0.27 kB[22m
[2mstorybook-static/[22m[36massets/index-CxbY7dAs.js                         [39m[1m[2m  0.49 kB[22m[1m[22m[2m Ôöé gzip:   0.31 kB[22m
[2mstorybook-static/[22m[36massets/index-G8LIXM5I.js                         [39m[1m[2m  0.52 kB[22m[1m[22m[2m Ôöé gzip:   0.37 kB[22m
[2mstorybook-static/[22m[36massets/preview-DHQbi4pV.js                       [39m[1m[2m  0.61 kB[22m[1m[22m[2m Ôöé gzip:   0.42 kB[22m
[2mstorybook-static/[22m[36massets/chunk-XP5HYGXS-BpfKkqn7.js                [39m[1m[2m  0.71 kB[22m[1m[22m[2m Ôöé gzip:   0.40 kB[22m
[2mstorybook-static/[22m[36massets/preview-DGUiP6tS.js                       [39m[1m[2m  0.71 kB[22m[1m[22m[2m Ôöé gzip:   0.50 kB[22m
[2mstorybook-static/[22m[36massets/index-DrFu-skq.js                         [39m[1m[2m  0.77 kB[22m[1m[22m[2m Ôöé gzip:   0.47 kB[22m
[2mstorybook-static/[22m[36massets/react-18-aFUCxlb5.js                      [39m[1m[2m  0.96 kB[22m[1m[22m[2m Ôöé gzip:   0.54 kB[22m
[2mstorybook-static/[22m[36massets/preview-DfRhqJTH.js                       [39m[1m[2m  0.96 kB[22m[1m[22m[2m Ôöé gzip:   0.61 kB[22m
[2mstorybook-static/[22m[36massets/jsx-runtime-Cf8x2fCZ.js                   [39m[1m[2m  1.00 kB[22m[1m[22m[2m Ôöé gzip:   0.62 kB[22m
[2mstorybook-static/[22m[36massets/DocsRenderer-CFRXHY34-CkyzyO36.js         [39m[1m[2m  1.44 kB[22m[1m[22m[2m Ôöé gzip:   0.74 kB[22m
[2mstorybook-static/[22m[36massets/tokens-CpOgkF2s.js                        [39m[1m[2m  1.89 kB[22m[1m[22m[2m Ôöé gzip:   0.94 kB[22m
[2mstorybook-static/[22m[36massets/preview-DExvdGWx.js                       [39m[1m[2m  2.21 kB[22m[1m[22m[2m Ôöé gzip:   1.20 kB[22m
[2mstorybook-static/[22m[36massets/preview-DD_OYowb.js                       [39m[1m[2m  3.51 kB[22m[1m[22m[2m Ôöé gzip:   1.69 kB[22m
[2mstorybook-static/[22m[36massets/Radio.stories-DbxQgeAm.js                 [39m[1m[2m  4.58 kB[22m[1m[22m[2m Ôöé gzip:   1.31 kB[22m
[2mstorybook-static/[22m[36massets/Text.stories-DMmsgV9d.js                  [39m[1m[2m  4.81 kB[22m[1m[22m[2m Ôöé gzip:   1.34 kB[22m
[2mstorybook-static/[22m[36massets/Button.stories-DQg4f29d.js                [39m[1m[2m  5.05 kB[22m[1m[22m[2m Ôöé gzip:   1.41 kB[22m
[2mstorybook-static/[22m[36massets/preview-B8lJiyuQ.js                       [39m[1m[2m  5.06 kB[22m[1m[22m[2m Ôöé gzip:   1.88 kB[22m
[2mstorybook-static/[22m[36massets/Select.stories-TMRzGNpQ.js                [39m[1m[2m  5.49 kB[22m[1m[22m[2m Ôöé gzip:   1.51 kB[22m
[2mstorybook-static/[22m[36massets/Layout.stories-C8OL_vnz.js                [39m[1m[2m  6.72 kB[22m[1m[22m[2m Ôöé gzip:   1.52 kB[22m
[2mstorybook-static/[22m[36massets/index-yBjzXJbu.js                         [39m[1m[2m  6.79 kB[22m[1m[22m[2m Ôöé gzip:   2.72 kB[22m
[2mstorybook-static/[22m[36massets/Switch.stories-Dnt1E9vK.js                [39m[1m[2m  7.00 kB[22m[1m[22m[2m Ôöé gzip:   1.96 kB[22m
[2mstorybook-static/[22m[36massets/HealthIndicator.stories-CHzccxsK.js       [39m[1m[2m  7.32 kB[22m[1m[22m[2m Ôöé gzip:   1.92 kB[22m
[2mstorybook-static/[22m[36massets/Input.stories-BZ8sTxy3.js                 [39m[1m[2m  7.36 kB[22m[1m[22m[2m Ôöé gzip:   2.04 kB[22m
[2mstorybook-static/[22m[36massets/Checkbox.stories-BdTlLqm7.js              [39m[1m[2m  7.54 kB[22m[1m[22m[2m Ôöé gzip:   2.07 kB[22m
[2mstorybook-static/[22m[36massets/preview-BWzBA1C2.js                       [39m[1m[2m  7.62 kB[22m[1m[22m[2m Ôöé gzip:   1.56 kB[22m
[2mstorybook-static/[22m[36massets/preview-BBWR9nbA.js                       [39m[1m[2m  8.12 kB[22m[1m[22m[2m Ôöé gzip:   3.10 kB[22m
[2mstorybook-static/[22m[36massets/Accessibility.stories-B7EzJ2jV.js         [39m[1m[2m  9.08 kB[22m[1m[22m[2m Ôöé gzip:   2.39 kB[22m
[2mstorybook-static/[22m[36massets/index-Br7vuhNf.js                         [39m[1m[2m  9.35 kB[22m[1m[22m[2m Ôöé gzip:   2.75 kB[22m
[2mstorybook-static/[22m[36massets/Card.stories-CcdFJIqs.js                  [39m[1m[2m 10.16 kB[22m[1m[22m[2m Ôöé gzip:   2.13 kB[22m
[2mstorybook-static/[22m[36massets/GameCard.stories-BVkafMBk.js              [39m[1m[2m 10.70 kB[22m[1m[22m[2m Ôöé gzip:   3.13 kB[22m
[2mstorybook-static/[22m[36massets/Tokens-BRL422CF.js                        [39m[1m[2m 11.52 kB[22m[1m[22m[2m Ôöé gzip:   2.37 kB[22m
[2mstorybook-static/[22m[36massets/Accessibility-VQud_Ali.js                 [39m[1m[2m 13.03 kB[22m[1m[22m[2m Ôöé gzip:   3.74 kB[22m
[2mstorybook-static/[22m[36massets/test-utils-ZdWhL8_C.js                    [39m[1m[2m 13.09 kB[22m[1m[22m[2m Ôöé gzip:   5.11 kB[22m
[2mstorybook-static/[22m[36massets/Leaderboard.stories-Dh7nk0xm.js           [39m[1m[2m 13.99 kB[22m[1m[22m[2m Ôöé gzip:   2.87 kB[22m
[2mstorybook-static/[22m[36massets/Progress.stories-CLnu48re.js              [39m[1m[2m 15.07 kB[22m[1m[22m[2m Ôöé gzip:   2.55 kB[22m
[2mstorybook-static/[22m[36massets/Tokens.stories-BH-QlkLW.js                [39m[1m[2m 16.30 kB[22m[1m[22m[2m Ôöé gzip:   3.05 kB[22m
[2mstorybook-static/[22m[36massets/HealthMetricsWidgets.stories-BIgg3C99.js  [39m[1m[2m 21.75 kB[22m[1m[22m[2m Ôöé gzip:   3.96 kB[22m
[2mstorybook-static/[22m[36massets/Color-YHDXOIA2-BXPw1a7l.js                [39m[1m[2m 29.37 kB[22m[1m[22m[2m Ôöé gzip:  11.05 kB[22m
[2mstorybook-static/[22m[36massets/matchers-7Z3WT2CE-OIiPHzXs.js             [39m[1m[2m 29.81 kB[22m[1m[22m[2m Ôöé gzip:  10.29 kB[22m
[2mstorybook-static/[22m[36massets/entry-preview-DQMdhmLr.js                 [39m[1m[2m 29.89 kB[22m[1m[22m[2m Ôöé gzip:   9.56 kB[22m
[2mstorybook-static/[22m[36massets/index-DgH-xKnr.js                         [39m[1m[2m 57.15 kB[22m[1m[22m[2m Ôöé gzip:  16.28 kB[22m
[2mstorybook-static/[22m[36massets/index-BLHw34Di.js                         [39m[1m[2m134.66 kB[22m[1m[22m[2m Ôöé gzip:  43.22 kB[22m
[2mstorybook-static/[22m[36massets/iframe-CVwhRXll.js                        [39m[1m[2m215.42 kB[22m[1m[22m[2m Ôöé gzip:  72.49 kB[22m
[2mstorybook-static/[22m[36massets/entry-preview-docs-yHLZ1UR3.js            [39m[1m[2m247.15 kB[22m[1m[22m[2m Ôöé gzip:  73.46 kB[22m
[2mstorybook-static/[22m[36massets/axe-BeuH5n83.js                           [39m[1m[33m579.05 kB[39m[22m[2m Ôöé gzip: 159.54 kB[22m
[2mstorybook-static/[22m[36massets/index-B-xsERFa.js                         [39m[1m[33m662.20 kB[39m[22m[2m Ôöé gzip: 156.70 kB[22m
[2mstorybook-static/[22m[36massets/index-D_g0ws2j.js                         [39m[1m[33m892.82 kB[39m[22m[2m Ôöé gzip: 275.53 kB[22m

(!) Some chunks are larger than 500 kB after minification. Consider:
- Using dynamic import() to code-split the application
- Use build.rollupOptions.output.manualChunks to improve chunking: https://rollupjs.org/configuration-options/#output-manualchunks
- Adjust chunk size limit for this warning via build.chunkSizeWarningLimit.
[32mÔ£ô built in 12.00s[39m
info => Preview built ([38;2;181;126;229m13 s[39m)
info => Output directory: C:\Users\Educacross\Documents\Ambiente-de-prototipa-o-EDUCACROSS-V2\apps\experience-hub\storybook\storybook-static

[35m[1mattention[22m[39m => Storybook now collects completely anonymous telemetry regarding usage.
This information is used to shape Storybook's roadmap and prioritize features.
You can learn more, including how to opt-out if you'd not like to participate in this anonymous program, by visiting the following URL:
[36mhttps://storybook.js.org/telemetry[39m

