WARN Unsupported engine: wanted: {"node":"22.21.1"} (current: {"node":"v22.20.0","pnpm":"9.14.4"})

> prototipacao-educa@0.2.0-beta lint C:\Users\Educacross\Documents\Ambiente-de-prototipa-o-EDUCACROSS-V2
> turbo run lint

turbo 2.6.1

 Packages in scope: @prototipo/design-system, @prototipo/eslint-config, @prototipo/tokens, experience-hub, storybook, studio
 Running lint in 6 packages
 Remote caching disabled
studio:lint: cache hit, replaying logs cca097322c8e9d24
studio:lint: 
studio:lint: > studio@0.2.0-beta lint C:\Users\Educacross\Documents\Ambiente-de-prototipa-o-EDUCACROSS-V2\apps\studio
studio:lint: > eslint .
studio:lint: 
storybook:lint: cache miss, executing 26121b2f226d3d33
@prototipo/tokens:lint: cache hit, replaying logs 35b00a92803877dd
@prototipo/tokens:lint: 
@prototipo/tokens:lint: > @prototipo/tokens@0.2.0-beta lint C:\Users\Educacross\Documents\Ambiente-de-prototipa-o-EDUCACROSS-V2\packages\tokens
@prototipo/tokens:lint: > eslint .
@prototipo/tokens:lint: 
@prototipo/design-system:lint: cache hit, replaying logs 51917dfd922d3c08
@prototipo/design-system:lint: 
@prototipo/design-system:lint: > @prototipo/design-system@0.2.0-beta lint C:\Users\Educacross\Documents\Ambiente-de-prototipa-o-EDUCACROSS-V2\packages\design-system
@prototipo/design-system:lint: > eslint .
@prototipo/design-system:lint: 
storybook:lint: 
storybook:lint: > storybook@0.2.0-beta lint C:\Users\Educacross\Documents\Ambiente-de-prototipa-o-EDUCACROSS-V2\apps\experience-hub\storybook
storybook:lint: > eslint .
storybook:lint: 
storybook:lint: 
storybook:lint: C:\Users\Educacross\Documents\Ambiente-de-prototipa-o-EDUCACROSS-V2\apps\experience-hub\storybook\src\stories\Tokens.stories.tsx
storybook:lint:   127:52  warning  Unexpected any. Specify a different type  @typescript-eslint/no-explicit-any
storybook:lint: 
storybook:lint:  1 problem (0 errors, 1 warning)
storybook:lint: 

 Tasks:    4 successful, 4 total
Cached:    3 cached, 4 total
  Time:    4.85s 

