 WARN  Unsupported engine: wanted: {"node":"22.21.1"} (current: {"node":"v20.19.6","pnpm":"9.14.4"})

> prototipacao-educa@0.2.0-beta build:design-system /home/runner/work/Ambiente-de-prototipa-o-EDUCACROSS-V2/Ambiente-de-prototipa-o-EDUCACROSS-V2
> pnpm --filter @prototipo/design-system build

.                                        |  WARN  Unsupported engine: wanted: {"node":"22.21.1"} (current: {"node":"v20.19.6","pnpm":"9.14.4"})

> @prototipo/design-system@0.2.0-beta build /home/runner/work/Ambiente-de-prototipa-o-EDUCACROSS-V2/Ambiente-de-prototipa-o-EDUCACROSS-V2/packages/design-system
> tsup

[34mCLI[39m Building entry: src/index.ts
[34mCLI[39m Using tsconfig: tsconfig.json
[34mCLI[39m tsup v8.5.1
[34mCLI[39m Using tsup config: /home/runner/work/Ambiente-de-prototipa-o-EDUCACROSS-V2/Ambiente-de-prototipa-o-EDUCACROSS-V2/packages/design-system/tsup.config.ts
[34mCLI[39m Target: es2020
[34mCLI[39m Cleaning output folder
[34mCJS[39m Build start
[34mESM[39m Build start
[32mCJS[39m [1mdist/src/index.js      [22m[32m66.02 KB[39m
[32mCJS[39m [1mdist/src/index.css     [22m[32m47.92 KB[39m
[32mCJS[39m [1mdist/src/index.js.map  [22m[32m109.84 KB[39m
[32mCJS[39m [1mdist/src/index.css.map [22m[32m77.85 KB[39m
[32mCJS[39m ⚡️ Build success in 261ms
[32mESM[39m [1mdist/src/index.mjs     [22m[32m57.67 KB[39m
[32mESM[39m [1mdist/src/index.css     [22m[32m47.92 KB[39m
[32mESM[39m [1mdist/src/index.mjs.map [22m[32m107.42 KB[39m
[32mESM[39m [1mdist/src/index.css.map [22m[32m77.85 KB[39m
[32mESM[39m ⚡️ Build success in 262ms
[34mDTS[39m Build start
[32mDTS[39m ⚡️ Build success in 1888ms
[32mDTS[39m [1mdist/index.d.ts  [22m[32m21.53 KB[39m
[32mDTS[39m [1mdist/index.d.mts [22m[32m21.53 KB[39m
